  fonction.c
C:\BS_TEST\programation\Projet_de_Base_juste_a_CTRLC_CTRLV\Projet_de_Base_juste_a_CTRLC_CTRLV\fonction.c(23,9): warning C4996: 'scanf': This function or variable may be unsafe. Consider using scanf_s instead. To disable deprecation, use _CRT_SECURE_NO_WARNINGS. See online help for details.
C:\BS_TEST\programation\Projet_de_Base_juste_a_CTRLC_CTRLV\Projet_de_Base_juste_a_CTRLC_CTRLV\fonction.c(40,19): warning C4477: 'scanf' : la chaîne de format '%d' nécessite un argument de type 'int *', mais l'argument variadique 1 est de type 'float *'
C:\BS_TEST\programation\Projet_de_Base_juste_a_CTRLC_CTRLV\Projet_de_Base_juste_a_CTRLC_CTRLV\fonction.c(44,19): warning C4477: 'scanf' : la chaîne de format '%d' nécessite un argument de type 'int *', mais l'argument variadique 1 est de type 'float *'
C:\BS_TEST\programation\Projet_de_Base_juste_a_CTRLC_CTRLV\Projet_de_Base_juste_a_CTRLC_CTRLV\fonction.c(48,19): warning C4477: 'scanf' : la chaîne de format '%d' nécessite un argument de type 'int *', mais l'argument variadique 1 est de type 'float *'
C:\BS_TEST\programation\Projet_de_Base_juste_a_CTRLC_CTRLV\Projet_de_Base_juste_a_CTRLC_CTRLV\fonction.c(52,19): warning C4477: 'scanf' : la chaîne de format '%d' nécessite un argument de type 'int *', mais l'argument variadique 1 est de type 'float *'
C:\BS_TEST\programation\Projet_de_Base_juste_a_CTRLC_CTRLV\Projet_de_Base_juste_a_CTRLC_CTRLV\fonction.c(55,12): warning C4244: 'return' : conversion de 'float' en 'int', perte possible de données
C:\BS_TEST\programation\Projet_de_Base_juste_a_CTRLC_CTRLV\Projet_de_Base_juste_a_CTRLC_CTRLV\fonction.c(40,13): warning C4996: 'scanf': This function or variable may be unsafe. Consider using scanf_s instead. To disable deprecation, use _CRT_SECURE_NO_WARNINGS. See online help for details.
C:\BS_TEST\programation\Projet_de_Base_juste_a_CTRLC_CTRLV\Projet_de_Base_juste_a_CTRLC_CTRLV\fonction.c(44,13): warning C4996: 'scanf': This function or variable may be unsafe. Consider using scanf_s instead. To disable deprecation, use _CRT_SECURE_NO_WARNINGS. See online help for details.
C:\BS_TEST\programation\Projet_de_Base_juste_a_CTRLC_CTRLV\Projet_de_Base_juste_a_CTRLC_CTRLV\fonction.c(48,13): warning C4996: 'scanf': This function or variable may be unsafe. Consider using scanf_s instead. To disable deprecation, use _CRT_SECURE_NO_WARNINGS. See online help for details.
C:\BS_TEST\programation\Projet_de_Base_juste_a_CTRLC_CTRLV\Projet_de_Base_juste_a_CTRLC_CTRLV\fonction.c(52,13): warning C4996: 'scanf': This function or variable may be unsafe. Consider using scanf_s instead. To disable deprecation, use _CRT_SECURE_NO_WARNINGS. See online help for details.
C:\BS_TEST\programation\Projet_de_Base_juste_a_CTRLC_CTRLV\Projet_de_Base_juste_a_CTRLC_CTRLV\fonction.c(63,15): warning C4477: 'scanf' : la chaîne de format '%d' nécessite un argument de type 'int *', mais l'argument variadique 1 est de type 'float *'
C:\BS_TEST\programation\Projet_de_Base_juste_a_CTRLC_CTRLV\Projet_de_Base_juste_a_CTRLC_CTRLV\fonction.c(67,15): warning C4477: 'scanf' : la chaîne de format '%d' nécessite un argument de type 'int *', mais l'argument variadique 1 est de type 'float *'
C:\BS_TEST\programation\Projet_de_Base_juste_a_CTRLC_CTRLV\Projet_de_Base_juste_a_CTRLC_CTRLV\fonction.c(70,12): warning C4244: 'return' : conversion de 'float' en 'int', perte possible de données
C:\BS_TEST\programation\Projet_de_Base_juste_a_CTRLC_CTRLV\Projet_de_Base_juste_a_CTRLC_CTRLV\fonction.c(63,9): warning C4996: 'scanf': This function or variable may be unsafe. Consider using scanf_s instead. To disable deprecation, use _CRT_SECURE_NO_WARNINGS. See online help for details.
C:\BS_TEST\programation\Projet_de_Base_juste_a_CTRLC_CTRLV\Projet_de_Base_juste_a_CTRLC_CTRLV\fonction.c(67,9): warning C4996: 'scanf': This function or variable may be unsafe. Consider using scanf_s instead. To disable deprecation, use _CRT_SECURE_NO_WARNINGS. See online help for details.
C:\BS_TEST\programation\Projet_de_Base_juste_a_CTRLC_CTRLV\Projet_de_Base_juste_a_CTRLC_CTRLV\fonction.c(88,24): warning C4244: '=' : conversion de 'double' en 'float', perte possible de données
C:\BS_TEST\programation\Projet_de_Base_juste_a_CTRLC_CTRLV\Projet_de_Base_juste_a_CTRLC_CTRLV\fonction.c(91,12): warning C4477: 'printf' : la chaîne de format '%d' nécessite un argument de type 'int', mais l'argument variadique 1 est de type 'double'
  main.c
C:\BS_TEST\programation\Projet_de_Base_juste_a_CTRLC_CTRLV\Projet_de_Base_juste_a_CTRLC_CTRLV\main.c(72,27): warning C4244: '=' : conversion de 'int' en 'float', perte possible de données
C:\BS_TEST\programation\Projet_de_Base_juste_a_CTRLC_CTRLV\Projet_de_Base_juste_a_CTRLC_CTRLV\main.c(76,27): warning C4244: '=' : conversion de 'int' en 'float', perte possible de données
C:\BS_TEST\programation\Projet_de_Base_juste_a_CTRLC_CTRLV\Projet_de_Base_juste_a_CTRLC_CTRLV\main.c(77,30): warning C4244: '=' : conversion de 'int' en 'float', perte possible de données
C:\BS_TEST\programation\Projet_de_Base_juste_a_CTRLC_CTRLV\Projet_de_Base_juste_a_CTRLC_CTRLV\main.c(81,27): warning C4244: '=' : conversion de 'int' en 'float', perte possible de données
C:\BS_TEST\programation\Projet_de_Base_juste_a_CTRLC_CTRLV\Projet_de_Base_juste_a_CTRLC_CTRLV\main.c(82,30): warning C4244: '=' : conversion de 'int' en 'float', perte possible de données
C:\BS_TEST\programation\Projet_de_Base_juste_a_CTRLC_CTRLV\Projet_de_Base_juste_a_CTRLC_CTRLV\main.c(86,28): warning C4244: '=' : conversion de 'int' en 'float', perte possible de données
  Génération de code en cours...
  Projet_de_Base_juste_a_CTRLC_CTRLV.vcxproj -> C:\BS_TEST\programation\Projet_de_Base_juste_a_CTRLC_CTRLV\x64\Debug\Projet_de_Base_juste_a_CTRLC_CTRLV.exe
